{"level":"info","message":"404503 has been successfully been validated"}
{"level":"info","message":"404503 has been successfully been validated"}
{"level":"info","message":"404503 has been successfully been validated"}
{"level":"error","message":"45446 does not exist"}
{"level":"error","message":"2342 does not exist"}
{"level":"error","message":"13455 does not exist"}
{"level":"error","message":"1245 does not exist"}
{"level":"error","message":"1345 does not exist"}
{"level":"error","message":"1234 does not exist"}
{"level":"info","message":"404503 has been successfully validated"}
{"level":"info","message":"404503 has been successfully validated"}
{"level":"info","message":"404503 has been successfully validated"}
{"level":"info","message":"404503 has been successfully validated"}
{"level":"info","message":"404503 has been successfully validated"}
{"level":"info","message":"404503 has been successfully validated"}
{"level":"info","message":"404503 has been successfully validated"}
{"level":"info","message":"404503 has been successfully validated"}
{"level":"info","message":"404503 has been successfully validated"}
{"level":"error","message":"12345 validation failed: Registrant not found!!"}
{"level":"info","message":"404503 has been successfully validated"}
{"level":"info","message":"404503 has been successfully validated"}
{"level":"info","message":"404503 has been successfully validated"}
{"level":"error","message":"404503*11 validation failed: Registrant not found!!"}
{"level":"info","message":"404503 has been successfully validated"}
{"level":"info","message":"404503 has been successfully validated"}
{"level":"error","message":"404503*1,2 validation failed: Error occurred!!"}
{"level":"info","message":"404503 has been successfully validated"}
{"level":"info","message":"404503*1 has been successfully validated"}
{"level":"error","message":"404503*1*2 validation failed: Registrant not found!!"}
{"level":"info","message":"404503 has been successfully validated"}
{"level":"info","message":"404503 has been successfully validated"}
{"level":"info","message":"404503*1 has been successfully validated"}
{"level":"info","message":"404503*1*1 has been successfully validated"}
{"level":"info","message":"404503 has been successfully validated"}
{"level":"info","message":"404503 has been successfully validated"}
{"level":"error","message":"404503*10,9 validation failed: Error occurred!!"}
{"level":"info","message":"404503 has been successfully validated"}
{"level":"info","message":"404503*1 has been successfully validated"}
{"level":"info","message":"404503*1*1 has been successfully validated"}
{"level":"info","message":"404503 has been successfully validated"}
{"level":"error","message":"404503*1,2,3 validation failed: Error occurred!!"}
{"level":"info","message":"404503 has been successfully validated"}
{"level":"error","message":"404503*2 validation failed: Registrant not found!!"}
{"level":"info","message":"404503 has been successfully validated"}
{"level":"info","message":"404503*1 has been successfully validated"}
{"level":"error","message":"404503*1*4 validation failed: Registrant not found!!"}
{"level":"info","message":"404503 has been successfully validated"}
{"level":"error","message":"404503*1,2,3 validation failed: Error occurred!!"}
{"level":"info","message":"404503 has been successfully validated"}
{"level":"error","message":"404503*1,5,7 validation failed: Error occurred!!"}
{"level":"info","message":"404503 has been successfully validated"}
{"level":"error","message":"404503*4,7 validation failed: Error occurred!!"}
{"level":"info","message":"404503 has been successfully validated"}
{"level":"error","message":"404503*6,7,9 validation failed: Error occurred!!"}
{"level":"info","message":"404503 has been successfully validated"}
{"level":"error","message":"404503*10  validation failed: Registrant not found!!"}
{"level":"info","message":"404503 has been successfully validated"}
{"level":"error","message":"404503*6 validation failed: Registrant not found!!"}
{"level":"info","message":"404503 has been successfully validated"}
{"level":"error","message":"404503*4,5 validation failed: Error occurred!!"}
{"level":"error","message":"404503*4,5*6,7,8 validation failed: Error occurred!!"}
{"level":"error","message":"23355 validation failed: Registrant not found!!"}
{"level":"error","message":"234524 validation failed: Registrant not found!!"}
{"level":"error","message":"235 validation failed: Registrant not found!!"}
{"level":"error","message":"1235 validation failed: Registrant not found!!"}
{"level":"info","message":"404503 has been successfully validated"}
{"level":"error","message":"1345 validation failed: Registrant not found!!"}
{"level":"info","message":"404503 has been successfully validated"}
{"level":"error","message":"404503*2 validation failed: Registrant not found!!"}
{"level":"info","message":"404503 has been successfully validated"}
{"level":"error","message":"404503*2,5 validation failed: Error occurred!!"}
{"level":"info","message":"404503 has been successfully validated"}
{"level":"error","message":"404503*5 validation failed: Registrant not found!!"}
{"level":"info","message":"404503 has been successfully validated"}
{"level":"info","message":"404503 has been successfully validated"}
{"level":"error","message":"404503*2 validation failed: Registrant not found!!"}
{"level":"info","message":"404503 has been successfully validated"}
{"level":"info","message":"404503*1 has been successfully validated"}
{"level":"info","message":"404503*1*1 has been successfully validated"}
{"level":"error","message":"2323232 validation failed: Registrant not found!!"}
{"level":"info","message":"404503 has been successfully validated"}
{"level":"info","message":"404503 has been successfully validated"}
{"level":"info","message":"404503 has been successfully validated"}
{"level":"info","message":"404503 has been successfully validated"}
{"level":"info","message":"404503 has been successfully validated"}
{"level":"info","message":"404503 has been successfully validated"}
{"level":"info","message":"404503 has been successfully validated"}
{"level":"info","message":"404503 has been successfully validated"}
{"level":"info","message":"404503 has been successfully validated"}
{"level":"info","message":"404503 has been successfully validated"}
{"level":"info","message":"404503 has been successfully validated"}
{"level":"info","message":"404503 has been successfully validated"}
{"level":"info","message":"404503 has been successfully validated"}
{"level":"info","message":"404503 has been successfully validated"}
{"level":"info","message":"404503 has been successfully validated"}
{"level":"info","message":"404503 has been successfully validated"}
{"level":"info","message":"404503 has been successfully validated"}
{"level":"info","message":"404503 has been successfully validated"}
{"level":"info","message":"404503 has been successfully validated"}
{"level":"info","message":"404503 has been successfully validated"}
{"level":"info","message":"404503 has been successfully validated"}
{"level":"info","message":"404503 has been successfully validated"}
{"level":"info","message":"404503 has been successfully validated"}
{"level":"info","message":"404503 has been successfully validated"}
{"level":"info","message":"404503 has been successfully validated"}
{"level":"info","message":"404503 has been successfully validated"}
{"level":"info","message":"404503 has been successfully validated"}
{"level":"info","message":"404503 has been successfully validated"}
{"level":"info","message":"404503 has been successfully validated"}
{"level":"info","message":"404503 has been successfully validated"}
{"code":"ERR_BAD_RESPONSE","config":{"adapter":["xhr","http"],"axios-retry":{"lastRequestTime":1688967549905,"retryCount":3},"env":{},"headers":{"Accept":"application/json, text/plain, */*","Accept-Encoding":"gzip, compress, deflate, br","User-Agent":"axios/1.4.0"},"maxBodyLength":-1,"maxContentLength":-1,"method":"get","timeout":0,"transformRequest":[null],"transformResponse":[null],"transitional":{"clarifyTimeoutError":false,"forcedJSONParsing":true,"silentJSONParsing":true},"url":"https://nursesportal.nursescouncil.co.zw/api/registrant/information/404503","xsrfCookieName":"XSRF-TOKEN","xsrfHeaderName":"X-XSRF-TOKEN"},"message":"Request failed with status code 502","name":"AxiosError","stack":"AxiosError: Request failed with status code 502\n    at settle (file:///home/abn/Documents/AAT/NCZ/ECOCASH/ussd/node_modules/axios/lib/core/settle.js:19:12)\n    at IncomingMessage.handleStreamEnd (file:///home/abn/Documents/AAT/NCZ/ECOCASH/ussd/node_modules/axios/lib/adapters/http.js:570:11)\n    at IncomingMessage.emit (node:events:525:35)\n    at endReadableNT (node:internal/streams/readable:1359:12)\n    at process.processTicksAndRejections (node:internal/process/task_queues:82:21)","status":502}
{"code":"ERR_BAD_RESPONSE","config":{"adapter":["xhr","http"],"axios-retry":{"lastRequestTime":1688970899040,"retryCount":3},"env":{},"headers":{"Accept":"application/json, text/plain, */*","Accept-Encoding":"gzip, compress, deflate, br","User-Agent":"axios/1.4.0"},"maxBodyLength":-1,"maxContentLength":-1,"method":"get","timeout":0,"transformRequest":[null],"transformResponse":[null],"transitional":{"clarifyTimeoutError":false,"forcedJSONParsing":true,"silentJSONParsing":true},"url":"https://nursesportal.nursescouncil.co.zw/api/registrant/information/404503","xsrfCookieName":"XSRF-TOKEN","xsrfHeaderName":"X-XSRF-TOKEN"},"message":"Request failed with status code 502","name":"AxiosError","stack":"AxiosError: Request failed with status code 502\n    at settle (file:///home/abn/Documents/AAT/NCZ/ECOCASH/ussd/node_modules/axios/lib/core/settle.js:19:12)\n    at IncomingMessage.handleStreamEnd (file:///home/abn/Documents/AAT/NCZ/ECOCASH/ussd/node_modules/axios/lib/adapters/http.js:570:11)\n    at IncomingMessage.emit (node:events:525:35)\n    at endReadableNT (node:internal/streams/readable:1359:12)\n    at process.processTicksAndRejections (node:internal/process/task_queues:82:21)","status":502}
{"code":"ENOTFOUND","config":{"adapter":["xhr","http"],"axios-retry":{"lastRequestTime":1689010312439,"retryCount":3},"env":{},"headers":{"Accept":"application/json, text/plain, */*","Accept-Encoding":"gzip, compress, deflate, br","User-Agent":"axios/1.4.0"},"maxBodyLength":-1,"maxContentLength":-1,"method":"get","timeout":0,"transformRequest":[null],"transformResponse":[null],"transitional":{"clarifyTimeoutError":false,"forcedJSONParsing":true,"silentJSONParsing":true},"url":"https://nursesportal..co.zw/api/registrant/information/404503","xsrfCookieName":"XSRF-TOKEN","xsrfHeaderName":"X-XSRF-TOKEN"},"message":"getaddrinfo ENOTFOUND nursesportal..co.zw","name":"Error","stack":"Error: getaddrinfo ENOTFOUND nursesportal..co.zw\n    at AxiosError.from (file:///home/abn/Documents/AAT/NCZ/ECOCASH/ussd/node_modules/axios/lib/core/AxiosError.js:89:14)\n    at RedirectableRequest.handleRequestError (file:///home/abn/Documents/AAT/NCZ/ECOCASH/ussd/node_modules/axios/lib/adapters/http.js:591:25)\n    at RedirectableRequest.emit (node:events:513:28)\n    at eventHandlers.<computed> (/home/abn/Documents/AAT/NCZ/ECOCASH/ussd/node_modules/follow-redirects/index.js:14:24)\n    at ClientRequest.emit (node:events:513:28)\n    at TLSSocket.socketErrorListener (node:_http_client:494:9)\n    at TLSSocket.emit (node:events:513:28)\n    at emitErrorNT (node:internal/streams/destroy:151:8)\n    at emitErrorCloseNT (node:internal/streams/destroy:116:3)\n    at process.processTicksAndRejections (node:internal/process/task_queues:82:21)","status":null}
{"code":"ENOTFOUND","config":{"adapter":["xhr","http"],"axios-retry":{"lastRequestTime":1689010385173,"retryCount":3},"env":{},"headers":{"Accept":"application/json, text/plain, */*","Accept-Encoding":"gzip, compress, deflate, br","User-Agent":"axios/1.4.0"},"maxBodyLength":-1,"maxContentLength":-1,"method":"get","timeout":0,"transformRequest":[null],"transformResponse":[null],"transitional":{"clarifyTimeoutError":false,"forcedJSONParsing":true,"silentJSONParsing":true},"url":"https://nursesportal..co.zw/api/registrant/information/404503","xsrfCookieName":"XSRF-TOKEN","xsrfHeaderName":"X-XSRF-TOKEN"},"message":"getaddrinfo ENOTFOUND nursesportal..co.zw","name":"Error","stack":"Error: getaddrinfo ENOTFOUND nursesportal..co.zw\n    at AxiosError.from (file:///home/abn/Documents/AAT/NCZ/ECOCASH/ussd/node_modules/axios/lib/core/AxiosError.js:89:14)\n    at RedirectableRequest.handleRequestError (file:///home/abn/Documents/AAT/NCZ/ECOCASH/ussd/node_modules/axios/lib/adapters/http.js:591:25)\n    at RedirectableRequest.emit (node:events:513:28)\n    at eventHandlers.<computed> (/home/abn/Documents/AAT/NCZ/ECOCASH/ussd/node_modules/follow-redirects/index.js:14:24)\n    at ClientRequest.emit (node:events:513:28)\n    at TLSSocket.socketErrorListener (node:_http_client:494:9)\n    at TLSSocket.emit (node:events:513:28)\n    at emitErrorNT (node:internal/streams/destroy:151:8)\n    at emitErrorCloseNT (node:internal/streams/destroy:116:3)\n    at process.processTicksAndRejections (node:internal/process/task_queues:82:21)","status":null}
{"code":"ENOTFOUND","config":{"adapter":["xhr","http"],"axios-retry":{"lastRequestTime":1689010456583,"retryCount":3},"env":{},"headers":{"Accept":"application/json, text/plain, */*","Accept-Encoding":"gzip, compress, deflate, br","User-Agent":"axios/1.4.0"},"maxBodyLength":-1,"maxContentLength":-1,"method":"get","timeout":0,"transformRequest":[null],"transformResponse":[null],"transitional":{"clarifyTimeoutError":false,"forcedJSONParsing":true,"silentJSONParsing":true},"url":"https://nursesportal..co.zw/api/registrant/information/404503","xsrfCookieName":"XSRF-TOKEN","xsrfHeaderName":"X-XSRF-TOKEN"},"message":"getaddrinfo ENOTFOUND nursesportal..co.zw","name":"Error","stack":"Error: getaddrinfo ENOTFOUND nursesportal..co.zw\n    at AxiosError.from (file:///home/abn/Documents/AAT/NCZ/ECOCASH/ussd/node_modules/axios/lib/core/AxiosError.js:89:14)\n    at RedirectableRequest.handleRequestError (file:///home/abn/Documents/AAT/NCZ/ECOCASH/ussd/node_modules/axios/lib/adapters/http.js:591:25)\n    at RedirectableRequest.emit (node:events:513:28)\n    at eventHandlers.<computed> (/home/abn/Documents/AAT/NCZ/ECOCASH/ussd/node_modules/follow-redirects/index.js:14:24)\n    at ClientRequest.emit (node:events:513:28)\n    at TLSSocket.socketErrorListener (node:_http_client:494:9)\n    at TLSSocket.emit (node:events:513:28)\n    at emitErrorNT (node:internal/streams/destroy:151:8)\n    at emitErrorCloseNT (node:internal/streams/destroy:116:3)\n    at process.processTicksAndRejections (node:internal/process/task_queues:82:21)","status":null}
{"code":"ENOTFOUND","config":{"adapter":["xhr","http"],"axios-retry":{"lastRequestTime":1689010562851,"retryCount":3},"env":{},"headers":{"Accept":"application/json, text/plain, */*","Accept-Encoding":"gzip, compress, deflate, br","User-Agent":"axios/1.4.0"},"maxBodyLength":-1,"maxContentLength":-1,"method":"get","timeout":0,"transformRequest":[null],"transformResponse":[null],"transitional":{"clarifyTimeoutError":false,"forcedJSONParsing":true,"silentJSONParsing":true},"url":"https://nursesportal.co.zw/api/registrant/information/404503","xsrfCookieName":"XSRF-TOKEN","xsrfHeaderName":"X-XSRF-TOKEN"},"message":"getaddrinfo ENOTFOUND nursesportal.co.zw","name":"Error","stack":"Error: getaddrinfo ENOTFOUND nursesportal.co.zw\n    at AxiosError.from (file:///home/abn/Documents/AAT/NCZ/ECOCASH/ussd/node_modules/axios/lib/core/AxiosError.js:89:14)\n    at RedirectableRequest.handleRequestError (file:///home/abn/Documents/AAT/NCZ/ECOCASH/ussd/node_modules/axios/lib/adapters/http.js:591:25)\n    at RedirectableRequest.emit (node:events:513:28)\n    at eventHandlers.<computed> (/home/abn/Documents/AAT/NCZ/ECOCASH/ussd/node_modules/follow-redirects/index.js:14:24)\n    at ClientRequest.emit (node:events:513:28)\n    at TLSSocket.socketErrorListener (node:_http_client:494:9)\n    at TLSSocket.emit (node:events:513:28)\n    at emitErrorNT (node:internal/streams/destroy:151:8)\n    at emitErrorCloseNT (node:internal/streams/destroy:116:3)\n    at process.processTicksAndRejections (node:internal/process/task_queues:82:21)","status":null}
{"level":"info","message":"404503 has been successfully validated"}
{"level":"info","message":"404503 has been successfully validated"}
{"level":"info","message":"404503 has been successfully validated"}
{"level":"info","message":"404503 has been successfully validated"}
{"level":"info","message":"404503 has been successfully validated"}
{"level":"info","message":"404503 has been successfully validated"}
{"level":"info","message":"404503 has been successfully validated"}
{"level":"info","message":"404067 has been successfully validated"}
{"level":"info","message":"404067 has been successfully validated"}
{"level":"info","message":"404067 has been successfully validated"}
{"level":"info","message":"404503 has been successfully validated"}
{"level":"info","message":"404067 has been successfully validated"}
{"level":"info","message":"404067 has been successfully validated"}
{"level":"info","message":"404067 has been successfully validated"}
{"level":"info","message":"404503 has been successfully validated"}
{"level":"info","message":"404067 has been successfully validated"}
{"level":"info","message":"404067 has been successfully validated"}
{"level":"info","message":"404067 has been successfully validated"}
{"level":"info","message":"404503 has been successfully validated"}
{"level":"info","message":"404067 has been successfully validated"}
{"level":"info","message":"404067 has been successfully validated"}
{"level":"info","message":"404503 has been successfully validated"}
{"level":"info","message":"404503 has been successfully validated"}
{"level":"info","message":"404503 has been successfully validated"}
{"level":"info","message":"404503 has been successfully validated"}
{"level":"info","message":"404503 has been successfully validated"}
{"level":"info","message":"404503 has been successfully validated"}
{"level":"info","message":"404503 has been successfully validated"}
{"level":"info","message":"404503 has been successfully validated"}
{"level":"info","message":"2507 has been successfully validated"}
{"level":"info","message":"404503 has been successfully validated"}
{"level":"info","message":"404503 has been successfully validated"}
